<?xml version="1.0" encoding="UTF-8"?>
<testng-results ignored="0" total="5" passed="4" failed="1" skipped="0">
  <reporter-output>
  </reporter-output>
  <suite started-at="2022-03-13T16:55:13 CET" name="Category" finished-at="2022-03-13T16:55:27 CET" duration-ms="14132">
    <groups>
    </groups>
    <test started-at="2022-03-13T16:55:13 CET" name="Go to apple home page" finished-at="2022-03-13T16:55:27 CET" duration-ms="14132">
      <class name="tests.categoryList.positive.CategoryListTest">
        <test-method is-config="true" signature="openTouchHomePage()[pri:0, instance:tests.categoryList.positive.CategoryListTest@7752c0e7]" started-at="2022-03-13T16:55:13 CET" name="openTouchHomePage" finished-at="2022-03-13T16:55:17 CET" duration-ms="3562" status="PASS">
          <reporter-output>
          </reporter-output>
        </test-method> <!-- openTouchHomePage -->
        <test-method signature="checkTheNumberOfCatalogButtons()[pri:1, instance:tests.categoryList.positive.CategoryListTest@7752c0e7]" started-at="2022-03-13T16:55:17 CET" name="checkTheNumberOfCatalogButtons" description="Check the number of buttons in Catalog" finished-at="2022-03-13T16:55:17 CET" duration-ms="35" status="PASS">
          <reporter-output>
          </reporter-output>
        </test-method> <!-- checkTheNumberOfCatalogButtons -->
        <test-method is-config="true" signature="openTouchHomePage()[pri:0, instance:tests.categoryList.positive.CategoryListTest@7752c0e7]" started-at="2022-03-13T16:55:17 CET" name="openTouchHomePage" finished-at="2022-03-13T16:55:18 CET" duration-ms="1236" status="PASS">
          <reporter-output>
          </reporter-output>
        </test-method> <!-- openTouchHomePage -->
        <test-method signature="checkRedirectingToCatalogPage()[pri:2, instance:tests.categoryList.positive.CategoryListTest@7752c0e7]" started-at="2022-03-13T16:55:18 CET" name="checkRedirectingToCatalogPage" description="Redirecting to the Catalog Page" finished-at="2022-03-13T16:55:19 CET" duration-ms="1139" status="PASS">
          <reporter-output>
          </reporter-output>
        </test-method> <!-- checkRedirectingToCatalogPage -->
        <test-method is-config="true" signature="openTouchHomePage()[pri:0, instance:tests.categoryList.positive.CategoryListTest@7752c0e7]" started-at="2022-03-13T16:55:19 CET" name="openTouchHomePage" finished-at="2022-03-13T16:55:21 CET" duration-ms="1525" status="PASS">
          <reporter-output>
          </reporter-output>
        </test-method> <!-- openTouchHomePage -->
        <test-method signature="checkRedirectingToAppleProductPage()[pri:3, instance:tests.categoryList.positive.CategoryListTest@7752c0e7]" started-at="2022-03-13T16:55:21 CET" name="checkRedirectingToAppleProductPage" description="Redirection to the Apple Product Page" finished-at="2022-03-13T16:55:23 CET" duration-ms="2201" status="PASS">
          <reporter-output>
          </reporter-output>
        </test-method> <!-- checkRedirectingToAppleProductPage -->
        <test-method is-config="true" signature="openTouchHomePage()[pri:0, instance:tests.categoryList.positive.CategoryListTest@7752c0e7]" started-at="2022-03-13T16:55:23 CET" name="openTouchHomePage" finished-at="2022-03-13T16:55:24 CET" duration-ms="1068" status="PASS">
          <reporter-output>
          </reporter-output>
        </test-method> <!-- openTouchHomePage -->
        <test-method signature="checkRedirectingToXiaomiProductPage()[pri:4, instance:tests.categoryList.positive.CategoryListTest@7752c0e7]" started-at="2022-03-13T16:55:24 CET" name="checkRedirectingToXiaomiProductPage" description="Redirecting to the Xiaomi Product Page" finished-at="2022-03-13T16:55:27 CET" duration-ms="3075" status="PASS">
          <reporter-output>
          </reporter-output>
        </test-method> <!-- checkRedirectingToXiaomiProductPage -->
        <test-method is-config="true" signature="clearCookiesAndLocalStorage()[pri:0, instance:tests.categoryList.positive.CategoryListTest@7752c0e7]" started-at="2022-03-13T16:55:27 CET" name="clearCookiesAndLocalStorage" finished-at="2022-03-13T16:55:27 CET" duration-ms="24" status="PASS">
          <reporter-output>
          </reporter-output>
        </test-method> <!-- clearCookiesAndLocalStorage -->
        <test-method is-config="true" signature="closeBrowser()[pri:0, instance:tests.categoryList.positive.CategoryListTest@7752c0e7]" started-at="2022-03-13T16:55:27 CET" name="closeBrowser" finished-at="2022-03-13T16:55:27 CET" duration-ms="150" status="PASS">
          <reporter-output>
          </reporter-output>
        </test-method> <!-- closeBrowser -->
      </class> <!-- tests.categoryList.positive.CategoryListTest -->
    </test> <!-- Go to apple home page -->
  </suite> <!-- Category -->
  <suite started-at="2022-03-13T16:55:27 CET" name="Search" finished-at="2022-03-13T16:55:35 CET" duration-ms="7683">
    <groups>
    </groups>
    <test started-at="2022-03-13T16:55:27 CET" name="Search items by using search field" finished-at="2022-03-13T16:55:35 CET" duration-ms="7683">
      <class name="tests.search.positive.SearchPositiveTest">
        <test-method is-config="true" signature="openTouchHomePage()[pri:0, instance:tests.search.positive.SearchPositiveTest@709d6de5]" started-at="2022-03-13T16:55:27 CET" name="openTouchHomePage" finished-at="2022-03-13T16:55:30 CET" duration-ms="3014" status="PASS">
          <reporter-output>
          </reporter-output>
        </test-method> <!-- openTouchHomePage -->
        <test-method signature="searchItem()[pri:0, instance:tests.search.positive.SearchPositiveTest@709d6de5]" started-at="2022-03-13T16:55:30 CET" name="searchItem" description="Search items by using search field" finished-at="2022-03-13T16:55:34 CET" duration-ms="4238" status="FAIL">
          <exception class="java.lang.AssertionError">
            <message>
              <![CDATA[expected [true] but found [false]]]>
            </message>
            <full-stacktrace>
              <![CDATA[java.lang.AssertionError: expected [true] but found [false]
at org.testng.Assert.fail(Assert.java:110)
at org.testng.Assert.failNotEquals(Assert.java:1413)
at org.testng.Assert.assertTrue(Assert.java:56)
at org.testng.Assert.assertTrue(Assert.java:66)
at Pages.touchListingPage.TouchListingPage.productCardSearchResultContain(TouchListingPage.java:41)
at tests.search.positive.SearchPositiveTest.searchItem(SearchPositiveTest.java:17)
at java.base/jdk.internal.reflect.NativeMethodAccessorImpl.invoke0(Native Method)
at java.base/jdk.internal.reflect.NativeMethodAccessorImpl.invoke(NativeMethodAccessorImpl.java:77)
at java.base/jdk.internal.reflect.DelegatingMethodAccessorImpl.invoke(DelegatingMethodAccessorImpl.java:43)
at java.base/java.lang.reflect.Method.invoke(Method.java:568)
at org.testng.internal.invokers.MethodInvocationHelper.invokeMethod(MethodInvocationHelper.java:135)
at org.testng.internal.invokers.TestInvoker.invokeMethod(TestInvoker.java:673)
at org.testng.internal.invokers.TestInvoker.invokeTestMethod(TestInvoker.java:220)
at org.testng.internal.invokers.MethodRunner.runInSequence(MethodRunner.java:50)
at org.testng.internal.invokers.TestInvoker$MethodInvocationAgent.invoke(TestInvoker.java:945)
at org.testng.internal.invokers.TestInvoker.invokeTestMethods(TestInvoker.java:193)
at org.testng.internal.invokers.TestMethodWorker.invokeTestMethods(TestMethodWorker.java:146)
at org.testng.internal.invokers.TestMethodWorker.run(TestMethodWorker.java:128)
at java.base/java.util.ArrayList.forEach(ArrayList.java:1511)
at org.testng.TestRunner.privateRun(TestRunner.java:808)
at org.testng.TestRunner.run(TestRunner.java:603)
at org.testng.SuiteRunner.runTest(SuiteRunner.java:429)
at org.testng.SuiteRunner.runSequentially(SuiteRunner.java:423)
at org.testng.SuiteRunner.privateRun(SuiteRunner.java:383)
at org.testng.SuiteRunner.run(SuiteRunner.java:326)
at org.testng.SuiteRunnerWorker.runSuite(SuiteRunnerWorker.java:52)
at org.testng.SuiteRunnerWorker.run(SuiteRunnerWorker.java:95)
at org.testng.TestNG.runSuitesSequentially(TestNG.java:1249)
at org.testng.TestNG.runSuitesSequentially(TestNG.java:1244)
at org.testng.TestNG.runSuitesLocally(TestNG.java:1169)
at org.testng.TestNG.runSuites(TestNG.java:1092)
at org.testng.TestNG.run(TestNG.java:1060)
at org.apache.maven.surefire.testng.TestNGExecutor.run(TestNGExecutor.java:284)
at org.apache.maven.surefire.testng.TestNGXmlTestSuite.execute(TestNGXmlTestSuite.java:75)
at org.apache.maven.surefire.testng.TestNGProvider.invoke(TestNGProvider.java:119)
at org.apache.maven.surefire.booter.ForkedBooter.runSuitesInProcess(ForkedBooter.java:428)
at org.apache.maven.surefire.booter.ForkedBooter.execute(ForkedBooter.java:162)
at org.apache.maven.surefire.booter.ForkedBooter.run(ForkedBooter.java:562)
at org.apache.maven.surefire.booter.ForkedBooter.main(ForkedBooter.java:548)
]]>
            </full-stacktrace>
          </exception> <!-- java.lang.AssertionError -->
          <reporter-output>
          </reporter-output>
        </test-method> <!-- searchItem -->
        <test-method is-config="true" signature="clearCookiesAndLocalStorage()[pri:0, instance:tests.search.positive.SearchPositiveTest@709d6de5]" started-at="2022-03-13T16:55:35 CET" name="clearCookiesAndLocalStorage" finished-at="2022-03-13T16:55:35 CET" duration-ms="23" status="PASS">
          <reporter-output>
          </reporter-output>
        </test-method> <!-- clearCookiesAndLocalStorage -->
        <test-method is-config="true" signature="closeBrowser()[pri:0, instance:tests.search.positive.SearchPositiveTest@709d6de5]" started-at="2022-03-13T16:55:35 CET" name="closeBrowser" finished-at="2022-03-13T16:55:35 CET" duration-ms="108" status="PASS">
          <reporter-output>
          </reporter-output>
        </test-method> <!-- closeBrowser -->
      </class> <!-- tests.search.positive.SearchPositiveTest -->
    </test> <!-- Search items by using search field -->
  </suite> <!-- Search -->
  <suite started-at="2022-03-13T16:55:35 CET" name="Master Suite" finished-at="2022-03-13T16:55:35 CET" duration-ms="0">
    <groups>
    </groups>
  </suite> <!-- Master Suite -->
</testng-results>
